2025-08-01 20:20:59,450 INFO: User 'bob' performed 'click_button' action.
2025-08-01 20:21:04,457 INFO: User 'alice' performed 'submit_form' action.
2025-08-01 20:21:06,471 INFO: User 'alice' performed 'login' action.
2025-08-01 20:21:09,576 INFO: User 'charlie' performed 'logout' action.
2025-08-01 20:21:12,583 INFO: User 'charlie' performed 'logout' action.
2025-08-01 20:21:15,590 INFO: User 'diana' performed 'view_page' action.
2025-08-01 20:21:20,599 INFO: User 'diana' performed 'submit_form' action.
2025-08-01 20:21:24,607 INFO: User 'alice' performed 'view_page' action.
2025-08-01 20:21:28,613 INFO: User 'diana' performed 'logout' action.
2025-08-01 20:21:32,619 INFO: User 'diana' performed 'view_page' action.
2025-08-01 20:21:36,629 INFO: User 'diana' performed 'logout' action.
2025-08-01 20:21:38,633 INFO: User 'diana' performed 'view_page' action.
2025-08-01 20:21:43,643 INFO: User 'charlie' performed 'login' action.
2025-08-01 20:21:47,648 INFO: User 'diana' performed 'login' action.
2025-08-01 20:21:49,651 INFO: User 'bob' performed 'login' action.
2025-08-01 20:21:53,656 INFO: User 'diana' performed 'click_button' action.
2025-08-01 20:21:55,660 INFO: User 'diana' performed 'login' action.
2025-08-01 20:22:00,671 INFO: User 'bob' performed 'login' action.
2025-08-01 20:22:05,678 INFO: User 'alice' performed 'click_button' action.
2025-08-01 20:22:07,678 INFO: User 'alice' performed 'view_page' action.
2025-08-01 20:22:10,680 INFO: User 'bob' performed 'logout' action.
2025-08-01 20:22:13,691 INFO: User 'diana' performed 'submit_form' action.
2025-08-01 20:22:16,696 INFO: User 'alice' performed 'submit_form' action.
2025-08-01 20:22:18,701 INFO: User 'diana' performed 'view_page' action.
2025-08-01 20:22:23,708 INFO: User 'charlie' performed 'logout' action.
2025-08-01 20:22:26,712 INFO: User 'alice' performed 'logout' action.
2025-08-01 20:22:28,716 INFO: User 'alice' performed 'submit_form' action.
2025-08-01 20:22:33,723 INFO: User 'alice' performed 'logout' action.
2025-08-01 20:22:38,723 INFO: User 'charlie' performed 'click_button' action.
2025-08-01 20:22:42,731 INFO: User 'alice' performed 'view_page' action.
2025-08-01 20:22:47,737 INFO: User 'alice' performed 'logout' action.
2025-08-01 20:22:50,743 INFO: User 'bob' performed 'view_page' action.
2025-08-01 20:22:54,753 INFO: User 'diana' performed 'click_button' action.
2025-08-01 20:22:58,760 INFO: User 'alice' performed 'login' action.
2025-08-01 20:23:01,765 INFO: User 'charlie' performed 'view_page' action.
2025-08-01 20:23:05,774 INFO: User 'bob' performed 'view_page' action.
2025-08-01 20:23:08,775 INFO: User 'bob' performed 'logout' action.
2025-08-01 20:23:13,782 INFO: User 'diana' performed 'view_page' action.
2025-08-01 20:23:15,808 INFO: User 'bob' performed 'logout' action.
2025-08-01 20:23:19,815 INFO: User 'alice' performed 'view_page' action.
2025-08-01 20:23:24,823 INFO: User 'bob' performed 'logout' action.
2025-08-01 20:23:29,853 INFO: User 'alice' performed 'click_button' action.
2025-08-01 20:23:33,859 INFO: User 'charlie' performed 'login' action.
2025-08-01 20:23:37,860 INFO: User 'alice' performed 'view_page' action.
2025-08-01 20:23:42,869 INFO: User 'bob' performed 'submit_form' action.
2025-08-01 20:23:47,875 INFO: User 'charlie' performed 'login' action.
2025-08-01 20:23:49,878 INFO: User 'alice' performed 'click_button' action.
2025-08-01 20:23:53,883 INFO: User 'bob' performed 'submit_form' action.
2025-08-01 20:23:55,884 INFO: User 'charlie' performed 'logout' action.
2025-08-01 20:23:57,889 INFO: User 'diana' performed 'logout' action.
2025-08-01 20:24:01,894 INFO: User 'charlie' performed 'view_page' action.
2025-08-01 20:24:03,897 INFO: User 'alice' performed 'logout' action.
2025-08-01 20:24:06,901 INFO: User 'bob' performed 'login' action.
2025-08-01 20:24:10,913 INFO: User 'bob' performed 'login' action.
2025-08-01 20:24:13,917 INFO: User 'bob' performed 'logout' action.
2025-08-01 20:24:15,921 INFO: User 'bob' performed 'logout' action.
2025-08-01 20:24:19,934 INFO: User 'charlie' performed 'click_button' action.
2025-08-01 20:24:22,947 INFO: User 'alice' performed 'login' action.
2025-08-01 20:24:24,950 INFO: User 'charlie' performed 'view_page' action.
2025-08-01 20:24:26,953 INFO: User 'bob' performed 'submit_form' action.
2025-08-01 20:24:31,961 INFO: User 'charlie' performed 'logout' action.
2025-08-01 20:24:36,978 INFO: User 'diana' performed 'view_page' action.
2025-08-01 20:24:40,981 INFO: User 'diana' performed 'logout' action.
2025-08-01 20:24:44,988 INFO: User 'charlie' performed 'click_button' action.
2025-08-01 20:24:46,996 INFO: User 'bob' performed 'click_button' action.
2025-08-01 20:24:50,001 INFO: User 'bob' performed 'view_page' action.
2025-08-01 20:24:55,010 INFO: User 'alice' performed 'click_button' action.
2025-08-01 20:25:00,021 INFO: User 'bob' performed 'login' action.
2025-08-01 20:25:05,039 INFO: User 'bob' performed 'submit_form' action.
2025-08-01 20:25:09,040 INFO: User 'bob' performed 'view_page' action.
2025-08-01 20:25:12,048 INFO: User 'bob' performed 'submit_form' action.
2025-08-01 20:25:15,054 INFO: User 'alice' performed 'click_button' action.
2025-08-01 20:25:19,059 INFO: User 'charlie' performed 'login' action.
2025-08-01 20:25:24,066 INFO: User 'diana' performed 'login' action.
2025-08-01 20:25:28,071 INFO: User 'charlie' performed 'click_button' action.
2025-08-01 20:25:30,075 INFO: User 'diana' performed 'login' action.
2025-08-01 20:25:32,078 INFO: User 'charlie' performed 'logout' action.
2025-08-01 20:25:35,085 INFO: User 'charlie' performed 'logout' action.
2025-08-01 20:25:40,086 INFO: User 'bob' performed 'view_page' action.
2025-08-01 20:25:45,097 INFO: User 'diana' performed 'login' action.
2025-08-01 20:25:47,101 INFO: User 'diana' performed 'submit_form' action.
2025-08-01 20:25:51,115 INFO: User 'diana' performed 'click_button' action.
2025-08-01 20:25:54,161 INFO: User 'diana' performed 'login' action.
2025-08-01 20:25:58,191 INFO: User 'charlie' performed 'login' action.
2025-08-01 20:26:01,194 INFO: User 'diana' performed 'login' action.
2025-08-01 20:26:03,198 INFO: User 'bob' performed 'submit_form' action.
2025-08-01 20:26:05,202 INFO: User 'alice' performed 'login' action.
2025-08-01 20:26:07,203 INFO: User 'charlie' performed 'logout' action.
2025-08-01 20:26:11,207 INFO: User 'bob' performed 'view_page' action.
2025-08-01 20:26:14,212 INFO: User 'bob' performed 'login' action.
2025-08-01 20:26:17,216 INFO: User 'charlie' performed 'logout' action.
2025-08-01 20:26:20,223 INFO: User 'diana' performed 'click_button' action.
2025-08-01 20:26:23,228 INFO: User 'diana' performed 'submit_form' action.
2025-08-01 20:26:25,239 INFO: User 'diana' performed 'login' action.
2025-08-01 20:26:29,247 INFO: User 'bob' performed 'logout' action.
2025-08-01 20:26:34,254 INFO: User 'bob' performed 'submit_form' action.
2025-08-01 20:26:37,259 INFO: User 'alice' performed 'view_page' action.
2025-08-01 20:26:41,308 INFO: User 'diana' performed 'click_button' action.
2025-08-01 20:26:43,368 INFO: User 'alice' performed 'view_page' action.
2025-08-01 20:26:48,398 INFO: User 'diana' performed 'login' action.
2025-08-01 20:26:53,498 INFO: User 'charlie' performed 'submit_form' action.
2025-08-01 20:26:58,549 INFO: User 'charlie' performed 'submit_form' action.
2025-08-01 20:27:03,556 INFO: User 'charlie' performed 'view_page' action.
2025-08-01 20:27:08,557 INFO: User 'alice' performed 'login' action.
2025-08-01 20:27:12,565 INFO: User 'diana' performed 'login' action.
2025-08-01 20:27:16,571 INFO: User 'diana' performed 'click_button' action.
2025-08-01 20:27:18,583 INFO: User 'charlie' performed 'logout' action.
2025-08-01 20:27:22,736 INFO: User 'charlie' performed 'login' action.
2025-08-01 20:27:24,739 INFO: User 'charlie' performed 'login' action.
2025-08-01 20:27:26,742 INFO: User 'alice' performed 'logout' action.
2025-08-01 20:27:28,783 INFO: User 'charlie' performed 'submit_form' action.
2025-08-01 20:27:33,789 INFO: User 'alice' performed 'submit_form' action.
2025-08-01 20:27:37,788 INFO: User 'charlie' performed 'submit_form' action.
2025-08-01 20:27:41,794 INFO: User 'charlie' performed 'submit_form' action.
2025-08-01 20:27:43,797 INFO: User 'diana' performed 'view_page' action.
2025-08-01 20:27:46,799 INFO: User 'charlie' performed 'submit_form' action.
2025-08-01 20:27:48,802 INFO: User 'charlie' performed 'view_page' action.
2025-08-01 20:27:52,807 INFO: User 'diana' performed 'view_page' action.
2025-08-01 20:27:54,811 INFO: User 'alice' performed 'login' action.
2025-08-01 20:27:56,814 INFO: User 'diana' performed 'logout' action.
2025-08-01 20:28:00,820 INFO: User 'bob' performed 'click_button' action.
2025-08-01 20:28:04,826 INFO: User 'charlie' performed 'view_page' action.
2025-08-01 20:28:09,827 INFO: User 'diana' performed 'click_button' action.
2025-08-01 20:28:14,834 INFO: User 'alice' performed 'submit_form' action.
2025-08-01 20:28:16,876 INFO: User 'bob' performed 'logout' action.
2025-08-01 20:28:18,889 INFO: User 'charlie' performed 'click_button' action.
2025-08-01 20:28:20,912 INFO: User 'diana' performed 'click_button' action.
2025-08-01 20:28:24,918 INFO: User 'charlie' performed 'submit_form' action.
2025-08-01 20:28:28,923 INFO: User 'bob' performed 'view_page' action.
2025-08-01 20:28:33,935 INFO: User 'charlie' performed 'login' action.
2025-08-01 20:28:37,936 INFO: User 'charlie' performed 'click_button' action.
2025-08-01 20:28:41,942 INFO: User 'diana' performed 'submit_form' action.
2025-08-01 20:28:45,948 INFO: User 'bob' performed 'logout' action.
2025-08-01 20:28:49,953 INFO: User 'alice' performed 'logout' action.
2025-08-01 20:28:51,958 INFO: User 'alice' performed 'view_page' action.
2025-08-01 20:28:55,964 INFO: User 'diana' performed 'login' action.
2025-08-01 20:28:57,967 INFO: User 'alice' performed 'submit_form' action.
2025-08-01 20:28:59,970 INFO: User 'bob' performed 'click_button' action.
2025-08-01 20:29:03,976 INFO: User 'diana' performed 'view_page' action.
2025-08-01 20:29:08,979 INFO: User 'diana' performed 'view_page' action.
2025-08-01 20:29:12,984 INFO: User 'bob' performed 'login' action.
2025-08-01 20:29:14,988 INFO: User 'diana' performed 'submit_form' action.
2025-08-01 20:29:19,995 INFO: User 'alice' performed 'logout' action.
2025-08-01 20:29:21,999 INFO: User 'diana' performed 'click_button' action.
2025-08-01 20:29:26,003 INFO: User 'diana' performed 'click_button' action.
2025-08-01 20:29:28,006 INFO: User 'charlie' performed 'submit_form' action.
2025-08-01 20:29:33,016 INFO: User 'bob' performed 'logout' action.
2025-08-01 20:29:37,021 INFO: User 'alice' performed 'login' action.
2025-08-01 20:29:42,023 INFO: User 'alice' performed 'view_page' action.
2025-08-01 20:29:47,042 INFO: User 'diana' performed 'submit_form' action.
2025-08-01 20:29:52,049 INFO: User 'alice' performed 'logout' action.
2025-08-01 20:29:56,054 INFO: User 'bob' performed 'submit_form' action.
2025-08-01 20:29:59,059 INFO: User 'bob' performed 'logout' action.
2025-08-01 20:30:03,064 INFO: User 'charlie' performed 'submit_form' action.
2025-08-01 20:30:05,067 INFO: User 'bob' performed 'submit_form' action.
2025-08-01 20:30:09,068 INFO: User 'bob' performed 'submit_form' action.
2025-08-01 20:30:12,072 INFO: User 'diana' performed 'view_page' action.
2025-08-01 20:30:14,075 INFO: User 'bob' performed 'login' action.
2025-08-01 20:30:17,095 INFO: User 'alice' performed 'view_page' action.
2025-08-01 20:30:19,103 INFO: User 'diana' performed 'logout' action.
2025-08-01 20:30:23,108 INFO: User 'charlie' performed 'submit_form' action.
2025-08-01 20:30:27,109 INFO: User 'alice' performed 'login' action.
2025-08-01 20:30:32,118 INFO: User 'alice' performed 'view_page' action.
2025-08-01 20:30:37,124 INFO: User 'alice' performed 'login' action.
2025-08-01 20:30:41,134 INFO: User 'diana' performed 'submit_form' action.
2025-08-01 20:30:46,144 INFO: User 'bob' performed 'click_button' action.
2025-08-01 20:30:50,149 INFO: User 'charlie' performed 'click_button' action.
2025-08-01 20:30:53,153 INFO: User 'bob' performed 'view_page' action.
2025-08-01 20:30:58,160 INFO: User 'alice' performed 'submit_form' action.
2025-08-01 20:31:00,177 INFO: User 'diana' performed 'submit_form' action.
2025-08-01 20:31:03,184 INFO: User 'charlie' performed 'click_button' action.
2025-08-01 20:31:06,187 INFO: User 'diana' performed 'submit_form' action.
2025-08-01 20:31:11,247 INFO: User 'diana' performed 'click_button' action.
2025-08-01 20:31:14,249 INFO: User 'diana' performed 'logout' action.
2025-08-01 20:31:18,256 INFO: User 'alice' performed 'logout' action.
2025-08-01 20:31:22,264 INFO: User 'charlie' performed 'logout' action.
2025-08-01 20:31:27,271 INFO: User 'charlie' performed 'logout' action.
2025-08-01 20:31:29,280 INFO: User 'alice' performed 'view_page' action.
2025-08-01 20:31:32,284 INFO: User 'alice' performed 'logout' action.
2025-08-01 20:31:35,288 INFO: User 'diana' performed 'click_button' action.
2025-08-01 20:31:37,292 INFO: User 'bob' performed 'view_page' action.
2025-08-01 20:31:42,294 INFO: User 'charlie' performed 'login' action.
2025-08-01 20:31:47,302 INFO: User 'diana' performed 'submit_form' action.
2025-08-01 20:31:51,310 INFO: User 'charlie' performed 'login' action.
2025-08-01 20:31:53,345 INFO: User 'charlie' performed 'logout' action.
2025-08-01 20:31:56,412 INFO: User 'alice' performed 'view_page' action.
2025-08-01 20:31:58,423 INFO: User 'charlie' performed 'login' action.
2025-08-01 20:32:03,434 INFO: User 'bob' performed 'login' action.
2025-08-01 20:32:06,443 INFO: User 'alice' performed 'submit_form' action.
2025-08-01 20:32:08,528 INFO: User 'bob' performed 'submit_form' action.
2025-08-01 20:32:12,533 INFO: User 'diana' performed 'logout' action.
2025-08-01 20:32:17,539 INFO: User 'bob' performed 'login' action.
2025-08-01 20:32:21,544 INFO: User 'bob' performed 'logout' action.
2025-08-01 20:32:23,548 INFO: User 'alice' performed 'logout' action.
2025-08-01 20:32:25,554 INFO: User 'diana' performed 'submit_form' action.
2025-08-01 20:32:30,561 INFO: User 'alice' performed 'submit_form' action.
2025-08-01 20:32:33,567 INFO: User 'alice' performed 'logout' action.
2025-08-01 20:32:36,570 INFO: User 'diana' performed 'view_page' action.
2025-08-01 20:32:39,570 INFO: User 'alice' performed 'submit_form' action.
2025-08-01 20:32:44,576 INFO: User 'bob' performed 'logout' action.
2025-08-01 20:32:47,583 INFO: User 'charlie' performed 'click_button' action.
2025-08-01 20:32:51,588 INFO: User 'alice' performed 'login' action.
2025-08-01 20:32:53,598 INFO: User 'diana' performed 'view_page' action.
2025-08-01 20:32:55,603 INFO: User 'diana' performed 'submit_form' action.
2025-08-01 20:32:57,607 INFO: User 'alice' performed 'login' action.
2025-08-01 20:32:59,610 INFO: User 'alice' performed 'login' action.
2025-08-01 20:33:03,619 INFO: User 'alice' performed 'view_page' action.
2025-08-01 20:33:08,595 INFO: User 'charlie' performed 'submit_form' action.
2025-08-01 20:33:11,603 INFO: User 'alice' performed 'submit_form' action.
2025-08-01 20:33:16,606 INFO: User 'bob' performed 'submit_form' action.
2025-08-01 20:33:20,611 INFO: User 'charlie' performed 'view_page' action.
2025-08-01 20:33:24,619 INFO: User 'bob' performed 'login' action.
2025-08-01 20:33:26,622 INFO: User 'diana' performed 'logout' action.
2025-08-01 20:33:30,628 INFO: User 'bob' performed 'login' action.
2025-08-01 20:33:34,634 INFO: User 'diana' performed 'click_button' action.
2025-08-01 20:33:37,665 INFO: User 'alice' performed 'logout' action.
2025-08-01 20:33:39,670 INFO: User 'alice' performed 'login' action.
2025-08-01 20:33:42,677 INFO: User 'alice' performed 'logout' action.
2025-08-01 20:33:47,684 INFO: User 'bob' performed 'login' action.
2025-08-01 20:33:50,691 INFO: User 'charlie' performed 'login' action.
2025-08-01 20:33:54,702 INFO: User 'charlie' performed 'click_button' action.
2025-08-01 20:33:58,710 INFO: User 'bob' performed 'view_page' action.
2025-08-01 20:34:01,736 INFO: User 'bob' performed 'logout' action.
2025-08-01 20:34:06,741 INFO: User 'charlie' performed 'view_page' action.
2025-08-01 20:34:11,753 INFO: User 'diana' performed 'view_page' action.
2025-08-01 20:34:16,761 INFO: User 'alice' performed 'submit_form' action.
2025-08-01 20:34:18,765 INFO: User 'diana' performed 'login' action.
2025-08-01 20:34:21,793 INFO: User 'bob' performed 'submit_form' action.
2025-08-01 20:34:26,805 INFO: User 'alice' performed 'login' action.
2025-08-01 20:34:28,815 INFO: User 'diana' performed 'view_page' action.
2025-08-01 20:34:30,819 INFO: User 'alice' performed 'submit_form' action.
2025-08-01 20:34:35,827 INFO: User 'alice' performed 'login' action.
2025-08-01 20:34:37,826 INFO: User 'diana' performed 'logout' action.
2025-08-01 20:34:42,833 INFO: User 'diana' performed 'view_page' action.
2025-08-01 20:34:47,840 INFO: User 'alice' performed 'logout' action.
2025-08-01 20:34:49,846 INFO: User 'diana' performed 'submit_form' action.
2025-08-01 20:34:53,852 INFO: User 'charlie' performed 'click_button' action.
2025-08-01 20:34:56,855 INFO: User 'charlie' performed 'logout' action.
2025-08-01 20:34:58,860 INFO: User 'charlie' performed 'login' action.
2025-08-01 20:35:03,870 INFO: User 'bob' performed 'view_page' action.
2025-08-01 20:35:05,873 INFO: User 'diana' performed 'click_button' action.
2025-08-01 20:35:09,934 INFO: User 'charlie' performed 'click_button' action.
2025-08-01 20:35:12,938 INFO: User 'diana' performed 'click_button' action.
2025-08-01 20:35:14,941 INFO: User 'bob' performed 'view_page' action.
2025-08-01 20:35:17,943 INFO: User 'bob' performed 'login' action.
2025-08-01 20:35:21,964 INFO: User 'diana' performed 'login' action.
2025-08-01 20:35:26,970 INFO: User 'alice' performed 'submit_form' action.
2025-08-01 20:35:31,980 INFO: User 'bob' performed 'submit_form' action.
2025-08-01 20:35:34,984 INFO: User 'bob' performed 'submit_form' action.
2025-08-01 20:35:36,986 INFO: User 'diana' performed 'click_button' action.
2025-08-01 20:35:38,999 INFO: User 'diana' performed 'submit_form' action.
2025-08-01 20:35:41,002 INFO: User 'bob' performed 'logout' action.
2025-08-01 20:35:45,007 INFO: User 'diana' performed 'login' action.
2025-08-01 20:35:49,012 INFO: User 'charlie' performed 'submit_form' action.
2025-08-01 20:35:54,018 INFO: User 'charlie' performed 'click_button' action.
2025-08-01 20:35:58,023 INFO: User 'diana' performed 'click_button' action.
2025-08-01 20:36:03,030 INFO: User 'diana' performed 'logout' action.
2025-08-01 20:36:06,034 INFO: User 'bob' performed 'logout' action.
2025-08-01 20:36:09,033 INFO: User 'diana' performed 'logout' action.
2025-08-01 20:36:12,037 INFO: User 'alice' performed 'submit_form' action.
2025-08-01 20:36:15,041 INFO: User 'alice' performed 'click_button' action.
2025-08-01 20:36:20,049 INFO: User 'charlie' performed 'logout' action.
2025-08-01 20:36:22,052 INFO: User 'alice' performed 'submit_form' action.
2025-08-01 20:36:27,059 INFO: User 'bob' performed 'click_button' action.
2025-08-01 20:36:31,062 INFO: User 'diana' performed 'view_page' action.
2025-08-01 20:36:35,069 INFO: User 'diana' performed 'login' action.
2025-08-01 20:36:39,072 INFO: User 'charlie' performed 'click_button' action.
2025-08-01 20:36:43,083 INFO: User 'charlie' performed 'view_page' action.
2025-08-01 20:36:47,088 INFO: User 'diana' performed 'logout' action.
2025-08-01 20:36:49,091 INFO: User 'alice' performed 'click_button' action.
2025-08-01 20:36:53,096 INFO: User 'bob' performed 'view_page' action.
2025-08-01 20:36:58,099 INFO: User 'bob' performed 'click_button' action.
2025-08-01 20:37:00,102 INFO: User 'bob' performed 'click_button' action.
2025-08-01 20:37:02,106 INFO: User 'alice' performed 'login' action.
2025-08-01 20:37:07,115 INFO: User 'alice' performed 'login' action.
2025-08-01 20:37:11,117 INFO: User 'charlie' performed 'view_page' action.
2025-08-01 20:37:13,126 INFO: User 'diana' performed 'login' action.
2025-08-01 20:37:15,133 INFO: User 'bob' performed 'login' action.
2025-08-01 20:37:20,140 INFO: User 'bob' performed 'view_page' action.
2025-08-01 20:37:23,147 INFO: User 'bob' performed 'submit_form' action.
2025-08-01 20:37:27,150 INFO: User 'alice' performed 'submit_form' action.
2025-08-01 20:37:29,153 INFO: User 'charlie' performed 'view_page' action.
2025-08-01 20:37:34,162 INFO: User 'charlie' performed 'view_page' action.
2025-08-01 20:37:36,165 INFO: User 'alice' performed 'view_page' action.
2025-08-01 20:37:40,168 INFO: User 'alice' performed 'click_button' action.
2025-08-01 20:37:44,173 INFO: User 'diana' performed 'submit_form' action.
2025-08-01 20:37:49,179 INFO: User 'bob' performed 'logout' action.
2025-08-01 20:37:53,185 INFO: User 'bob' performed 'click_button' action.
2025-08-01 20:37:57,190 INFO: User 'charlie' performed 'login' action.
2025-08-01 20:37:59,197 INFO: User 'diana' performed 'click_button' action.
2025-08-01 20:38:04,204 INFO: User 'alice' performed 'click_button' action.
2025-08-01 20:38:09,201 INFO: User 'bob' performed 'submit_form' action.
2025-08-01 20:38:14,210 INFO: User 'alice' performed 'view_page' action.
2025-08-01 20:38:16,216 INFO: User 'alice' performed 'login' action.
2025-08-01 20:38:18,226 INFO: User 'bob' performed 'view_page' action.
2025-08-01 20:38:23,235 INFO: User 'charlie' performed 'view_page' action.
2025-08-01 20:38:28,244 INFO: User 'bob' performed 'click_button' action.
2025-08-01 20:38:31,250 INFO: User 'bob' performed 'view_page' action.
2025-08-01 20:38:36,253 INFO: User 'alice' performed 'login' action.
2025-08-01 20:38:41,261 INFO: User 'charlie' performed 'login' action.
2025-08-01 20:38:46,267 INFO: User 'charlie' performed 'submit_form' action.
2025-08-01 20:38:48,270 INFO: User 'bob' performed 'login' action.
2025-08-01 20:38:50,274 INFO: User 'charlie' performed 'submit_form' action.
2025-08-01 20:38:52,282 INFO: User 'alice' performed 'login' action.
2025-08-01 20:38:57,287 INFO: User 'alice' performed 'login' action.
2025-08-01 20:39:02,311 INFO: User 'alice' performed 'login' action.
2025-08-01 20:39:07,323 INFO: User 'charlie' performed 'submit_form' action.
2025-08-01 20:39:10,324 INFO: User 'alice' performed 'view_page' action.
2025-08-01 20:39:15,331 INFO: User 'alice' performed 'submit_form' action.
2025-08-01 20:39:19,337 INFO: User 'charlie' performed 'view_page' action.
2025-08-01 20:39:22,345 INFO: User 'diana' performed 'view_page' action.
2025-08-01 20:39:24,351 INFO: User 'bob' performed 'login' action.
2025-08-01 20:39:26,356 INFO: User 'diana' performed 'logout' action.
2025-08-01 20:39:28,361 INFO: User 'bob' performed 'logout' action.
2025-08-01 20:39:31,367 INFO: User 'diana' performed 'submit_form' action.
2025-08-01 20:39:35,374 INFO: User 'bob' performed 'login' action.
2025-08-01 20:39:39,384 INFO: User 'diana' performed 'submit_form' action.
2025-08-01 20:39:42,389 INFO: User 'charlie' performed 'submit_form' action.
2025-08-01 20:39:45,396 INFO: User 'alice' performed 'submit_form' action.
2025-08-01 20:39:47,399 INFO: User 'bob' performed 'logout' action.
2025-08-01 20:39:50,404 INFO: User 'diana' performed 'click_button' action.
2025-08-01 20:39:52,410 INFO: User 'diana' performed 'submit_form' action.
2025-08-01 20:39:57,523 INFO: User 'diana' performed 'logout' action.
2025-08-01 20:40:00,530 INFO: User 'charlie' performed 'submit_form' action.
2025-08-01 20:40:05,536 INFO: User 'charlie' performed 'submit_form' action.
2025-08-01 20:40:09,536 INFO: User 'diana' performed 'login' action.
2025-08-01 20:40:12,552 INFO: User 'charlie' performed 'login' action.
2025-08-01 20:40:16,558 INFO: User 'charlie' performed 'click_button' action.
2025-08-01 20:40:18,561 INFO: User 'alice' performed 'view_page' action.
2025-08-01 20:40:21,566 INFO: User 'charlie' performed 'logout' action.
2025-08-01 20:40:26,573 INFO: User 'alice' performed 'submit_form' action.
2025-08-01 20:40:30,580 INFO: User 'bob' performed 'click_button' action.
2025-08-01 20:40:33,585 INFO: User 'diana' performed 'login' action.
2025-08-01 20:40:38,592 INFO: User 'bob' performed 'view_page' action.
2025-08-01 20:40:41,601 INFO: User 'diana' performed 'logout' action.
2025-08-01 20:40:43,604 INFO: User 'alice' performed 'view_page' action.
2025-08-01 20:40:46,612 INFO: User 'bob' performed 'click_button' action.
2025-08-01 20:40:49,619 INFO: User 'charlie' performed 'logout' action.
2025-08-01 20:40:54,625 INFO: User 'bob' performed 'view_page' action.
2025-08-01 20:40:56,628 INFO: User 'bob' performed 'submit_form' action.
2025-08-01 20:41:01,634 INFO: User 'bob' performed 'view_page' action.
2025-08-01 20:41:06,651 INFO: User 'bob' performed 'login' action.
2025-08-01 20:41:08,658 INFO: User 'diana' performed 'login' action.
2025-08-01 20:41:13,701 INFO: User 'bob' performed 'view_page' action.
2025-08-01 20:41:15,705 INFO: User 'diana' performed 'login' action.
2025-08-01 20:41:18,709 INFO: User 'alice' performed 'login' action.
2025-08-01 20:41:20,713 INFO: User 'alice' performed 'login' action.
2025-08-01 20:41:22,717 INFO: User 'alice' performed 'click_button' action.
2025-08-01 20:41:25,824 INFO: User 'charlie' performed 'logout' action.
2025-08-01 20:41:30,828 INFO: User 'charlie' performed 'logout' action.
2025-08-01 20:41:35,835 INFO: User 'charlie' performed 'submit_form' action.
2025-08-01 20:41:39,853 INFO: User 'charlie' performed 'logout' action.
2025-08-01 20:41:41,880 INFO: User 'charlie' performed 'login' action.
2025-08-01 20:41:45,885 INFO: User 'alice' performed 'view_page' action.
2025-08-01 20:41:50,902 INFO: User 'bob' performed 'view_page' action.
2025-08-01 20:41:53,906 INFO: User 'diana' performed 'logout' action.
2025-08-01 20:41:55,915 INFO: User 'diana' performed 'login' action.
2025-08-01 20:42:00,952 INFO: User 'bob' performed 'view_page' action.
2025-08-01 20:42:03,015 INFO: User 'charlie' performed 'logout' action.
2025-08-01 20:42:07,019 INFO: User 'diana' performed 'login' action.
2025-08-01 20:42:10,014 INFO: User 'bob' performed 'submit_form' action.
2025-08-01 20:42:12,018 INFO: User 'charlie' performed 'submit_form' action.
2025-08-01 20:42:15,022 INFO: User 'charlie' performed 'click_button' action.
2025-08-01 20:42:20,029 INFO: User 'alice' performed 'click_button' action.
2025-08-01 20:42:22,031 INFO: User 'alice' performed 'logout' action.
2025-08-01 20:42:27,037 INFO: User 'bob' performed 'logout' action.
2025-08-01 20:42:32,044 INFO: User 'alice' performed 'login' action.
2025-08-01 20:42:36,052 INFO: User 'bob' performed 'login' action.
2025-08-01 20:42:41,059 INFO: User 'charlie' performed 'view_page' action.
2025-08-01 20:42:46,068 INFO: User 'bob' performed 'logout' action.
2025-08-01 20:42:50,075 INFO: User 'diana' performed 'login' action.
2025-08-01 20:42:54,081 INFO: User 'diana' performed 'view_page' action.
2025-08-01 20:42:57,084 INFO: User 'charlie' performed 'logout' action.
2025-08-01 20:43:00,088 INFO: User 'diana' performed 'logout' action.
2025-08-01 20:43:05,097 INFO: User 'diana' performed 'submit_form' action.
2025-08-01 20:43:07,098 INFO: User 'charlie' performed 'login' action.
2025-08-01 20:43:11,116 INFO: User 'diana' performed 'view_page' action.
2025-08-01 20:43:15,121 INFO: User 'diana' performed 'login' action.
2025-08-01 20:43:18,126 INFO: User 'bob' performed 'view_page' action.
2025-08-01 20:43:22,131 INFO: User 'charlie' performed 'submit_form' action.
2025-08-01 20:43:27,135 INFO: User 'charlie' performed 'view_page' action.
2025-08-01 20:43:29,138 INFO: User 'diana' performed 'click_button' action.
2025-08-01 20:43:32,142 INFO: User 'diana' performed 'login' action.
2025-08-01 20:43:37,147 INFO: User 'alice' performed 'login' action.
2025-08-01 20:43:42,140 INFO: User 'bob' performed 'logout' action.
2025-08-01 20:43:46,145 INFO: User 'alice' performed 'submit_form' action.
2025-08-01 20:43:50,151 INFO: User 'charlie' performed 'logout' action.
2025-08-01 20:43:52,155 INFO: User 'charlie' performed 'view_page' action.
2025-08-01 20:43:57,173 INFO: User 'diana' performed 'login' action.
2025-08-01 20:44:02,181 INFO: User 'alice' performed 'submit_form' action.
2025-08-01 20:44:04,187 INFO: User 'diana' performed 'click_button' action.
2025-08-01 20:44:06,191 INFO: User 'bob' performed 'logout' action.
2025-08-01 20:44:11,194 INFO: User 'diana' performed 'login' action.
2025-08-01 20:44:13,197 INFO: User 'alice' performed 'login' action.
2025-08-01 20:44:17,201 INFO: User 'alice' performed 'view_page' action.
2025-08-01 20:44:20,231 INFO: User 'alice' performed 'view_page' action.
2025-08-01 20:44:24,236 INFO: User 'bob' performed 'click_button' action.
2025-08-01 20:44:27,237 INFO: User 'charlie' performed 'submit_form' action.
2025-08-01 20:44:32,291 INFO: User 'bob' performed 'view_page' action.
2025-08-01 20:44:36,296 INFO: User 'charlie' performed 'view_page' action.
2025-08-01 20:44:39,298 INFO: User 'bob' performed 'logout' action.
2025-08-01 20:44:43,303 INFO: User 'diana' performed 'submit_form' action.
2025-08-01 20:44:48,317 INFO: User 'alice' performed 'submit_form' action.
2025-08-01 20:44:50,320 INFO: User 'alice' performed 'click_button' action.
2025-08-01 20:44:52,323 INFO: User 'diana' performed 'submit_form' action.
2025-08-01 20:44:57,332 INFO: User 'bob' performed 'login' action.
2025-08-01 20:45:02,338 INFO: User 'diana' performed 'click_button' action.
2025-08-01 20:45:04,342 INFO: User 'alice' performed 'click_button' action.
2025-08-01 20:45:06,348 INFO: User 'charlie' performed 'submit_form' action.
2025-08-01 20:45:10,351 INFO: User 'charlie' performed 'submit_form' action.
2025-08-01 20:45:13,359 INFO: User 'diana' performed 'submit_form' action.
2025-08-01 20:45:16,363 INFO: User 'alice' performed 'view_page' action.
2025-08-01 20:45:18,366 INFO: User 'bob' performed 'click_button' action.
2025-08-01 20:45:22,371 INFO: User 'charlie' performed 'login' action.
2025-08-01 20:45:26,375 INFO: User 'alice' performed 'submit_form' action.
2025-08-01 20:45:30,380 INFO: User 'diana' performed 'view_page' action.
2025-08-01 20:45:35,386 INFO: User 'charlie' performed 'click_button' action.
2025-08-01 20:45:39,388 INFO: User 'alice' performed 'view_page' action.
2025-08-01 20:45:41,398 INFO: User 'alice' performed 'submit_form' action.
2025-08-01 20:45:43,406 INFO: User 'alice' performed 'login' action.
2025-08-01 20:45:47,409 INFO: User 'diana' performed 'submit_form' action.
2025-08-01 20:45:51,428 INFO: User 'alice' performed 'click_button' action.
2025-08-01 20:45:54,434 INFO: User 'charlie' performed 'logout' action.
2025-08-01 20:45:59,441 INFO: User 'charlie' performed 'login' action.
2025-08-01 20:46:02,445 INFO: User 'diana' performed 'view_page' action.
2025-08-01 20:46:07,449 INFO: User 'charlie' performed 'click_button' action.
2025-08-01 20:46:10,450 INFO: User 'bob' performed 'view_page' action.
2025-08-01 20:46:14,455 INFO: User 'bob' performed 'click_button' action.
2025-08-01 20:46:17,460 INFO: User 'bob' performed 'view_page' action.
2025-08-01 20:46:19,463 INFO: User 'charlie' performed 'login' action.
2025-08-01 20:46:22,466 INFO: User 'charlie' performed 'submit_form' action.
2025-08-01 20:46:27,473 INFO: User 'charlie' performed 'login' action.
2025-08-01 20:46:31,500 INFO: User 'charlie' performed 'logout' action.
2025-08-01 20:46:34,506 INFO: User 'bob' performed 'logout' action.
2025-08-01 20:46:39,511 INFO: User 'alice' performed 'login' action.
2025-08-01 20:46:44,519 INFO: User 'bob' performed 'login' action.
2025-08-01 20:46:47,526 INFO: User 'diana' performed 'logout' action.
2025-08-01 20:46:50,534 INFO: User 'diana' performed 'submit_form' action.
2025-08-01 20:46:53,547 INFO: User 'diana' performed 'login' action.
2025-08-01 20:46:58,553 INFO: User 'charlie' performed 'logout' action.
2025-08-01 20:47:01,557 INFO: User 'diana' performed 'submit_form' action.
2025-08-01 20:47:06,565 INFO: User 'alice' performed 'submit_form' action.
2025-08-01 20:47:11,569 INFO: User 'diana' performed 'submit_form' action.
2025-08-01 20:47:16,575 INFO: User 'diana' performed 'click_button' action.
2025-08-01 20:47:19,586 INFO: User 'bob' performed 'submit_form' action.
2025-08-01 20:47:24,598 INFO: User 'bob' performed 'click_button' action.
2025-08-01 20:47:28,603 INFO: User 'charlie' performed 'logout' action.
2025-08-01 20:47:33,610 INFO: User 'alice' performed 'logout' action.
2025-08-01 20:47:36,615 INFO: User 'bob' performed 'submit_form' action.
2025-08-01 20:47:38,618 INFO: User 'alice' performed 'submit_form' action.
2025-08-01 20:47:41,625 INFO: User 'charlie' performed 'login' action.
2025-08-01 20:47:43,636 INFO: User 'charlie' performed 'click_button' action.
2025-08-01 20:47:48,643 INFO: User 'diana' performed 'click_button' action.
2025-08-01 20:47:50,646 INFO: User 'charlie' performed 'submit_form' action.
2025-08-01 20:47:53,649 INFO: User 'charlie' performed 'view_page' action.
2025-08-01 20:47:55,652 INFO: User 'diana' performed 'click_button' action.
2025-08-01 20:47:57,655 INFO: User 'diana' performed 'login' action.
2025-08-01 20:47:59,660 INFO: User 'bob' performed 'submit_form' action.
2025-08-01 20:48:01,695 INFO: User 'alice' performed 'login' action.
2025-08-01 20:48:04,699 INFO: User 'bob' performed 'submit_form' action.
2025-08-01 20:48:07,702 INFO: User 'alice' performed 'click_button' action.
2025-08-01 20:48:10,702 INFO: User 'charlie' performed 'logout' action.
2025-08-01 20:48:13,705 INFO: User 'alice' performed 'submit_form' action.
2025-08-01 20:48:16,709 INFO: User 'diana' performed 'logout' action.
2025-08-01 20:48:18,713 INFO: User 'diana' performed 'click_button' action.
2025-08-01 20:48:21,719 INFO: User 'alice' performed 'click_button' action.
2025-08-01 20:48:26,728 INFO: User 'alice' performed 'click_button' action.
2025-08-01 20:48:29,732 INFO: User 'diana' performed 'submit_form' action.
2025-08-01 20:48:34,737 INFO: User 'charlie' performed 'view_page' action.
2025-08-01 20:48:37,742 INFO: User 'diana' performed 'submit_form' action.
2025-08-01 20:48:40,747 INFO: User 'alice' performed 'submit_form' action.
2025-08-01 20:48:43,749 INFO: User 'alice' performed 'view_page' action.
2025-08-01 20:48:48,759 INFO: User 'alice' performed 'view_page' action.
2025-08-01 20:48:50,763 INFO: User 'diana' performed 'view_page' action.
2025-08-01 20:48:53,764 INFO: User 'bob' performed 'submit_form' action.
2025-08-01 20:48:55,767 INFO: User 'alice' performed 'login' action.
2025-08-01 20:48:59,773 INFO: User 'alice' performed 'login' action.
2025-08-01 20:49:03,783 INFO: User 'alice' performed 'view_page' action.
2025-08-01 20:49:05,787 INFO: User 'diana' performed 'submit_form' action.
2025-08-01 20:49:10,792 INFO: User 'bob' performed 'click_button' action.
2025-08-01 20:49:12,795 INFO: User 'charlie' performed 'click_button' action.
2025-08-01 20:49:14,804 INFO: User 'diana' performed 'view_page' action.
2025-08-01 20:49:16,806 INFO: User 'diana' performed 'view_page' action.
2025-08-01 20:49:19,819 INFO: User 'alice' performed 'login' action.
2025-08-01 20:49:22,821 INFO: User 'bob' performed 'submit_form' action.
2025-08-01 20:49:24,823 INFO: User 'diana' performed 'view_page' action.
2025-08-01 20:49:29,833 INFO: User 'charlie' performed 'login' action.
2025-08-01 20:49:34,839 INFO: User 'bob' performed 'view_page' action.
2025-08-01 20:49:39,828 INFO: User 'alice' performed 'click_button' action.
2025-08-01 20:49:42,831 INFO: User 'alice' performed 'view_page' action.
2025-08-01 20:49:44,834 INFO: User 'diana' performed 'click_button' action.
2025-08-01 20:49:46,839 INFO: User 'bob' performed 'view_page' action.
2025-08-01 20:49:48,842 INFO: User 'bob' performed 'click_button' action.
2025-08-01 20:49:52,847 INFO: User 'diana' performed 'logout' action.
2025-08-01 20:49:54,851 INFO: User 'bob' performed 'submit_form' action.
2025-08-01 20:49:58,856 INFO: User 'alice' performed 'login' action.
2025-08-01 20:50:02,863 INFO: User 'charlie' performed 'click_button' action.
2025-08-01 20:50:06,870 INFO: User 'diana' performed 'click_button' action.
2025-08-01 20:50:10,869 INFO: User 'charlie' performed 'logout' action.
2025-08-01 20:50:12,870 INFO: User 'charlie' performed 'login' action.
2025-08-01 20:50:16,875 INFO: User 'diana' performed 'view_page' action.
2025-08-01 20:50:21,883 INFO: User 'bob' performed 'logout' action.
2025-08-01 20:50:25,888 INFO: User 'diana' performed 'view_page' action.
2025-08-01 20:50:30,894 INFO: User 'diana' performed 'submit_form' action.
2025-08-01 20:50:32,897 INFO: User 'alice' performed 'login' action.
2025-08-01 20:50:35,904 INFO: User 'charlie' performed 'view_page' action.
2025-08-01 20:50:40,911 INFO: User 'charlie' performed 'click_button' action.
2025-08-01 20:50:43,915 INFO: User 'alice' performed 'view_page' action.
2025-08-01 20:50:46,919 INFO: User 'bob' performed 'submit_form' action.
2025-08-01 20:50:48,922 INFO: User 'alice' performed 'submit_form' action.
2025-08-01 20:50:52,926 INFO: User 'diana' performed 'click_button' action.
2025-08-01 20:50:55,928 INFO: User 'diana' performed 'click_button' action.
2025-08-01 20:50:57,931 INFO: User 'charlie' performed 'click_button' action.
2025-08-01 20:51:01,937 INFO: User 'diana' performed 'logout' action.
2025-08-01 20:51:05,944 INFO: User 'bob' performed 'click_button' action.
2025-08-01 20:51:08,948 INFO: User 'diana' performed 'view_page' action.
2025-08-01 20:51:11,954 INFO: User 'alice' performed 'logout' action.
2025-08-01 20:51:15,971 INFO: User 'bob' performed 'login' action.
2025-08-01 20:51:17,974 INFO: User 'bob' performed 'click_button' action.
2025-08-01 20:51:21,979 INFO: User 'charlie' performed 'click_button' action.
2025-08-01 20:51:25,986 INFO: User 'diana' performed 'logout' action.
2025-08-01 20:51:27,990 INFO: User 'alice' performed 'login' action.
2025-08-01 20:51:31,999 INFO: User 'charlie' performed 'login' action.
2025-08-01 20:51:36,006 INFO: User 'bob' performed 'submit_form' action.
2025-08-01 20:51:41,013 INFO: User 'charlie' performed 'logout' action.
2025-08-01 20:51:44,019 INFO: User 'charlie' performed 'login' action.
2025-08-01 20:51:48,025 INFO: User 'bob' performed 'click_button' action.
2025-08-01 20:51:52,033 INFO: User 'charlie' performed 'view_page' action.
2025-08-01 20:51:57,039 INFO: User 'alice' performed 'submit_form' action.
2025-08-01 20:52:01,052 INFO: User 'diana' performed 'logout' action.
2025-08-01 20:52:05,058 INFO: User 'bob' performed 'view_page' action.
2025-08-01 20:52:10,063 INFO: User 'diana' performed 'login' action.
2025-08-01 20:52:15,069 INFO: User 'diana' performed 'login' action.
2025-08-01 20:52:20,076 INFO: User 'alice' performed 'click_button' action.
2025-08-01 20:52:25,188 INFO: User 'bob' performed 'login' action.
2025-08-01 20:52:28,195 INFO: User 'bob' performed 'submit_form' action.
2025-08-01 20:52:30,205 INFO: User 'bob' performed 'login' action.
2025-08-01 20:52:33,216 INFO: User 'alice' performed 'logout' action.
2025-08-01 20:52:36,221 INFO: User 'bob' performed 'logout' action.
2025-08-01 20:52:40,225 INFO: User 'alice' performed 'submit_form' action.
2025-08-01 20:52:42,228 INFO: User 'bob' performed 'click_button' action.
2025-08-01 20:52:45,232 INFO: User 'charlie' performed 'view_page' action.
2025-08-01 20:52:50,234 INFO: User 'bob' performed 'view_page' action.
2025-08-01 20:52:54,241 INFO: User 'bob' performed 'view_page' action.
2025-08-01 20:52:56,248 INFO: User 'diana' performed 'click_button' action.
2025-08-01 20:53:00,254 INFO: User 'diana' performed 'view_page' action.
2025-08-01 20:53:05,273 INFO: User 'diana' performed 'view_page' action.
2025-08-01 20:53:10,274 INFO: User 'bob' performed 'click_button' action.
2025-08-01 20:53:12,280 INFO: User 'charlie' performed 'submit_form' action.
2025-08-01 20:53:15,288 INFO: User 'charlie' performed 'submit_form' action.
2025-08-01 20:53:20,301 INFO: User 'diana' performed 'submit_form' action.
2025-08-01 20:53:22,305 INFO: User 'bob' performed 'click_button' action.
2025-08-01 20:53:25,326 INFO: User 'charlie' performed 'login' action.
2025-08-01 20:53:30,334 INFO: User 'charlie' performed 'submit_form' action.
2025-08-01 20:53:34,340 INFO: User 'diana' performed 'login' action.
2025-08-01 20:53:37,345 INFO: User 'charlie' performed 'view_page' action.
2025-08-01 20:53:42,389 INFO: User 'charlie' performed 'view_page' action.
2025-08-01 20:53:46,400 INFO: User 'charlie' performed 'submit_form' action.
2025-08-01 20:53:48,403 INFO: User 'bob' performed 'logout' action.
2025-08-01 20:53:52,409 INFO: User 'charlie' performed 'submit_form' action.
2025-08-01 20:53:57,418 INFO: User 'bob' performed 'submit_form' action.
2025-08-01 20:54:02,423 INFO: User 'bob' performed 'submit_form' action.
2025-08-01 20:54:06,431 INFO: User 'alice' performed 'click_button' action.
2025-08-01 20:54:10,432 INFO: User 'charlie' performed 'submit_form' action.
2025-08-01 20:54:12,435 INFO: User 'alice' performed 'login' action.
2025-08-01 20:54:15,441 INFO: User 'alice' performed 'login' action.
2025-08-01 20:54:18,446 INFO: User 'charlie' performed 'view_page' action.
2025-08-01 20:54:21,450 INFO: User 'charlie' performed 'click_button' action.
2025-08-01 20:54:24,456 INFO: User 'alice' performed 'submit_form' action.
2025-08-01 20:54:27,463 INFO: User 'bob' performed 'submit_form' action.
2025-08-01 20:54:30,468 INFO: User 'diana' performed 'view_page' action.
2025-08-01 20:54:32,472 INFO: User 'diana' performed 'logout' action.
2025-08-01 20:54:37,482 INFO: User 'alice' performed 'view_page' action.
2025-08-01 20:54:41,483 INFO: User 'bob' performed 'submit_form' action.
2025-08-01 20:54:45,489 INFO: User 'charlie' performed 'view_page' action.
2025-08-01 20:54:48,494 INFO: User 'charlie' performed 'login' action.
2025-08-01 20:54:51,498 INFO: User 'bob' performed 'logout' action.
2025-08-01 20:54:56,505 INFO: User 'charlie' performed 'submit_form' action.
2025-08-01 20:54:59,667 INFO: User 'charlie' performed 'login' action.
2025-08-01 20:55:02,847 INFO: User 'alice' performed 'click_button' action.
2025-08-01 20:55:07,853 INFO: User 'alice' performed 'view_page' action.
2025-08-01 20:55:10,856 INFO: User 'diana' performed 'view_page' action.
2025-08-01 20:55:14,861 INFO: User 'charlie' performed 'login' action.
2025-08-01 20:55:17,865 INFO: User 'bob' performed 'login' action.
2025-08-01 20:55:20,871 INFO: User 'bob' performed 'login' action.
2025-08-01 20:55:23,875 INFO: User 'diana' performed 'login' action.
2025-08-01 20:55:26,880 INFO: User 'diana' performed 'submit_form' action.
2025-08-01 20:55:31,895 INFO: User 'diana' performed 'click_button' action.
2025-08-01 20:55:34,899 INFO: User 'bob' performed 'logout' action.
2025-08-01 20:55:38,901 INFO: User 'bob' performed 'click_button' action.
2025-08-01 20:55:42,906 INFO: User 'charlie' performed 'click_button' action.
2025-08-01 20:55:45,911 INFO: User 'alice' performed 'logout' action.
2025-08-01 20:55:49,916 INFO: User 'bob' performed 'click_button' action.
2025-08-01 20:55:54,920 INFO: User 'alice' performed 'login' action.
2025-08-01 20:55:56,927 INFO: User 'diana' performed 'logout' action.
2025-08-01 20:56:01,939 INFO: User 'diana' performed 'click_button' action.
2025-08-01 20:56:05,026 INFO: User 'alice' performed 'login' action.
2025-08-01 20:56:08,033 INFO: User 'alice' performed 'view_page' action.
2025-08-01 20:56:11,058 INFO: User 'charlie' performed 'submit_form' action.
2025-08-01 20:56:15,063 INFO: User 'diana' performed 'login' action.
2025-08-01 20:56:19,068 INFO: User 'charlie' performed 'view_page' action.
2025-08-01 20:56:24,073 INFO: User 'charlie' performed 'submit_form' action.
2025-08-01 20:56:28,082 INFO: User 'bob' performed 'login' action.
2025-08-01 20:56:32,086 INFO: User 'diana' performed 'click_button' action.
2025-08-01 20:56:36,092 INFO: User 'bob' performed 'login' action.
2025-08-01 20:56:40,099 INFO: User 'alice' performed 'click_button' action.
2025-08-01 20:56:45,105 INFO: User 'charlie' performed 'view_page' action.
2025-08-01 20:56:47,112 INFO: User 'diana' performed 'click_button' action.
2025-08-01 20:56:51,119 INFO: User 'bob' performed 'login' action.
2025-08-01 20:56:56,140 INFO: User 'charlie' performed 'click_button' action.
2025-08-01 20:56:58,163 INFO: User 'diana' performed 'logout' action.
2025-08-01 20:57:02,168 INFO: User 'diana' performed 'click_button' action.
2025-08-01 20:57:07,174 INFO: User 'bob' performed 'click_button' action.
2025-08-01 20:57:11,182 INFO: User 'bob' performed 'logout' action.
2025-08-01 20:57:14,185 INFO: User 'alice' performed 'logout' action.
2025-08-01 20:57:17,205 INFO: User 'diana' performed 'logout' action.
2025-08-01 20:57:20,209 INFO: User 'alice' performed 'logout' action.
2025-08-01 20:57:22,216 INFO: User 'alice' performed 'submit_form' action.
2025-08-01 20:57:25,226 INFO: User 'alice' performed 'view_page' action.
2025-08-01 20:57:27,232 INFO: User 'charlie' performed 'login' action.
2025-08-01 20:57:31,238 INFO: User 'alice' performed 'click_button' action.
2025-08-01 20:57:33,241 INFO: User 'alice' performed 'logout' action.
2025-08-01 20:57:35,252 INFO: User 'charlie' performed 'logout' action.
2025-08-01 20:57:37,254 INFO: User 'charlie' performed 'submit_form' action.
2025-08-01 20:57:40,255 INFO: User 'bob' performed 'logout' action.
2025-08-01 20:57:42,261 INFO: User 'diana' performed 'submit_form' action.
2025-08-01 20:57:47,267 INFO: User 'diana' performed 'logout' action.
2025-08-01 20:57:50,272 INFO: User 'charlie' performed 'logout' action.
2025-08-01 20:57:52,277 INFO: User 'alice' performed 'view_page' action.
2025-08-01 20:57:56,283 INFO: User 'bob' performed 'click_button' action.
2025-08-01 20:58:01,290 INFO: User 'bob' performed 'click_button' action.
2025-08-01 20:58:04,323 INFO: User 'bob' performed 'view_page' action.
2025-08-01 20:58:07,331 INFO: User 'bob' performed 'logout' action.
2025-08-01 20:58:12,336 INFO: User 'diana' performed 'submit_form' action.
2025-08-01 20:58:14,339 INFO: User 'diana' performed 'logout' action.
2025-08-01 20:58:16,351 INFO: User 'charlie' performed 'submit_form' action.
2025-08-01 20:58:20,358 INFO: User 'bob' performed 'logout' action.
2025-08-01 20:58:23,367 INFO: User 'bob' performed 'click_button' action.
2025-08-01 20:58:26,373 INFO: User 'charlie' performed 'submit_form' action.
2025-08-01 20:58:29,383 INFO: User 'charlie' performed 'submit_form' action.
2025-08-01 20:58:33,389 INFO: User 'diana' performed 'logout' action.
2025-08-01 20:58:35,401 INFO: User 'bob' performed 'click_button' action.
2025-08-01 20:58:39,401 INFO: User 'alice' performed 'view_page' action.
2025-08-01 20:58:43,406 INFO: User 'charlie' performed 'submit_form' action.
2025-08-01 20:58:46,426 INFO: User 'bob' performed 'click_button' action.
2025-08-01 20:58:51,433 INFO: User 'diana' performed 'submit_form' action.
2025-08-01 20:58:54,437 INFO: User 'diana' performed 'view_page' action.
2025-08-01 20:58:57,442 INFO: User 'charlie' performed 'view_page' action.
2025-08-01 20:59:02,449 INFO: User 'charlie' performed 'submit_form' action.
2025-08-01 20:59:07,455 INFO: User 'charlie' performed 'click_button' action.
2025-08-01 20:59:12,456 INFO: User 'bob' performed 'view_page' action.
2025-08-01 20:59:16,461 INFO: User 'bob' performed 'submit_form' action.
2025-08-01 20:59:18,464 INFO: User 'diana' performed 'logout' action.
2025-08-01 20:59:23,468 INFO: User 'alice' performed 'logout' action.
2025-08-01 20:59:27,475 INFO: User 'charlie' performed 'view_page' action.
2025-08-01 20:59:29,534 INFO: User 'charlie' performed 'view_page' action.
2025-08-01 20:59:34,540 INFO: User 'charlie' performed 'login' action.
2025-08-01 20:59:36,543 INFO: User 'alice' performed 'logout' action.
2025-08-01 20:59:38,540 INFO: User 'bob' performed 'submit_form' action.
2025-08-01 20:59:41,574 INFO: User 'alice' performed 'submit_form' action.
2025-08-01 20:59:44,581 INFO: User 'charlie' performed 'login' action.
2025-08-01 20:59:49,588 INFO: User 'bob' performed 'view_page' action.
2025-08-01 20:59:54,597 INFO: User 'alice' performed 'click_button' action.
2025-08-01 20:59:56,601 INFO: User 'diana' performed 'submit_form' action.
2025-08-01 20:59:59,611 INFO: User 'alice' performed 'view_page' action.
2025-08-01 21:00:04,617 INFO: User 'diana' performed 'login' action.
2025-08-01 21:00:06,621 INFO: User 'diana' performed 'login' action.
2025-08-01 21:00:10,633 INFO: User 'alice' performed 'click_button' action.
2025-08-01 21:00:13,636 INFO: User 'charlie' performed 'view_page' action.
2025-08-01 21:00:18,644 INFO: User 'diana' performed 'submit_form' action.
2025-08-01 21:00:21,650 INFO: User 'diana' performed 'view_page' action.
2025-08-01 21:00:24,655 INFO: User 'bob' performed 'logout' action.
2025-08-01 21:00:26,658 INFO: User 'bob' performed 'logout' action.
2025-08-01 21:00:31,665 INFO: User 'alice' performed 'logout' action.
2025-08-01 21:00:33,670 INFO: User 'charlie' performed 'click_button' action.
2025-08-01 21:00:35,673 INFO: User 'diana' performed 'click_button' action.
2025-08-01 21:00:39,675 INFO: User 'alice' performed 'submit_form' action.
2025-08-01 21:00:42,682 INFO: User 'bob' performed 'login' action.
2025-08-01 21:00:47,689 INFO: User 'diana' performed 'logout' action.
2025-08-01 21:00:49,698 INFO: User 'alice' performed 'view_page' action.
2025-08-01 21:00:54,706 INFO: User 'charlie' performed 'logout' action.
2025-08-01 21:00:56,711 INFO: User 'charlie' performed 'logout' action.
2025-08-01 21:01:01,721 INFO: User 'diana' performed 'submit_form' action.
2025-08-01 21:01:04,728 INFO: User 'charlie' performed 'login' action.
2025-08-01 21:01:08,730 INFO: User 'alice' performed 'logout' action.
2025-08-01 21:01:11,742 INFO: User 'diana' performed 'logout' action.
2025-08-01 21:01:13,751 INFO: User 'alice' performed 'submit_form' action.
2025-08-01 21:01:18,771 INFO: User 'diana' performed 'login' action.
2025-08-01 21:01:21,777 INFO: User 'diana' performed 'logout' action.
2025-08-01 21:01:24,778 INFO: User 'diana' performed 'login' action.
2025-08-01 21:01:26,869 INFO: User 'bob' performed 'logout' action.
2025-08-01 21:01:30,874 INFO: User 'charlie' performed 'click_button' action.
2025-08-01 21:01:34,879 INFO: User 'bob' performed 'view_page' action.
2025-08-01 21:01:37,883 INFO: User 'bob' performed 'click_button' action.
2025-08-01 21:01:40,883 INFO: User 'bob' performed 'login' action.
2025-08-01 21:01:44,887 INFO: User 'charlie' performed 'login' action.
2025-08-01 21:01:46,890 INFO: User 'bob' performed 'view_page' action.
2025-08-01 21:01:50,895 INFO: User 'charlie' performed 'login' action.
2025-08-01 21:01:53,914 INFO: User 'bob' performed 'view_page' action.
2025-08-01 21:01:55,917 INFO: User 'alice' performed 'logout' action.
2025-08-01 21:01:58,921 INFO: User 'diana' performed 'login' action.
2025-08-01 21:02:00,924 INFO: User 'bob' performed 'view_page' action.
2025-08-01 21:02:02,927 INFO: User 'diana' performed 'login' action.
2025-08-01 21:02:07,936 INFO: User 'charlie' performed 'submit_form' action.
2025-08-01 21:02:09,936 INFO: User 'charlie' performed 'login' action.
2025-08-01 21:02:13,941 INFO: User 'charlie' performed 'login' action.
2025-08-01 21:02:18,947 INFO: User 'alice' performed 'submit_form' action.
2025-08-01 21:02:21,951 INFO: User 'diana' performed 'logout' action.
2025-08-01 21:02:25,956 INFO: User 'alice' performed 'login' action.
2025-08-01 21:02:29,961 INFO: User 'diana' performed 'submit_form' action.
2025-08-01 21:02:34,967 INFO: User 'alice' performed 'click_button' action.
2025-08-01 21:02:36,970 INFO: User 'alice' performed 'login' action.
2025-08-01 21:02:39,971 INFO: User 'bob' performed 'logout' action.
2025-08-01 21:02:44,977 INFO: User 'charlie' performed 'logout' action.
2025-08-01 21:02:48,978 INFO: User 'diana' performed 'click_button' action.
2025-08-01 21:02:50,982 INFO: User 'diana' performed 'logout' action.
2025-08-01 21:02:53,986 INFO: User 'alice' performed 'view_page' action.
2025-08-01 21:02:56,991 INFO: User 'charlie' performed 'click_button' action.
2025-08-01 21:02:59,004 INFO: User 'alice' performed 'view_page' action.
2025-08-01 21:03:01,039 INFO: User 'charlie' performed 'submit_form' action.
2025-08-01 21:03:04,044 INFO: User 'alice' performed 'view_page' action.
2025-08-01 21:03:09,049 INFO: User 'charlie' performed 'click_button' action.
2025-08-01 21:03:14,056 INFO: User 'charlie' performed 'login' action.
2025-08-01 21:03:18,061 INFO: User 'diana' performed 'submit_form' action.
2025-08-01 21:03:21,069 INFO: User 'alice' performed 'click_button' action.
2025-08-01 21:03:23,097 INFO: User 'bob' performed 'submit_form' action.
2025-08-01 21:03:27,103 INFO: User 'alice' performed 'click_button' action.
2025-08-01 21:03:31,108 INFO: User 'diana' performed 'submit_form' action.
2025-08-01 21:03:36,118 INFO: User 'charlie' performed 'view_page' action.
2025-08-01 21:03:40,119 INFO: User 'charlie' performed 'click_button' action.
2025-08-01 21:03:44,124 INFO: User 'bob' performed 'submit_form' action.
2025-08-01 21:03:49,127 INFO: User 'charlie' performed 'view_page' action.
2025-08-01 21:03:54,132 INFO: User 'charlie' performed 'view_page' action.
2025-08-01 21:03:59,211 INFO: User 'alice' performed 'login' action.
2025-08-01 21:04:04,219 INFO: User 'charlie' performed 'click_button' action.
2025-08-01 21:04:06,221 INFO: User 'bob' performed 'click_button' action.
2025-08-01 21:04:11,223 INFO: User 'bob' performed 'click_button' action.
2025-08-01 21:04:14,227 INFO: User 'bob' performed 'logout' action.
2025-08-01 21:04:18,232 INFO: User 'bob' performed 'click_button' action.
2025-08-01 21:04:20,239 INFO: User 'alice' performed 'view_page' action.
2025-08-01 21:04:25,260 INFO: User 'alice' performed 'view_page' action.
2025-08-01 21:04:28,264 INFO: User 'diana' performed 'click_button' action.
2025-08-01 21:04:31,266 INFO: User 'diana' performed 'submit_form' action.
2025-08-01 21:04:35,271 INFO: User 'bob' performed 'view_page' action.
2025-08-01 21:04:40,265 INFO: User 'diana' performed 'login' action.
2025-08-01 21:04:44,272 INFO: User 'diana' performed 'click_button' action.
2025-08-01 21:04:48,277 INFO: User 'bob' performed 'submit_form' action.
2025-08-01 21:04:52,293 INFO: User 'charlie' performed 'submit_form' action.
2025-08-01 21:04:56,298 INFO: User 'alice' performed 'login' action.
2025-08-01 21:04:58,301 INFO: User 'alice' performed 'submit_form' action.
2025-08-01 21:05:00,304 INFO: User 'diana' performed 'logout' action.
2025-08-01 21:05:02,309 INFO: User 'alice' performed 'submit_form' action.
2025-08-01 21:05:04,319 INFO: User 'charlie' performed 'login' action.
2025-08-01 21:05:09,323 INFO: User 'diana' performed 'logout' action.
2025-08-01 21:05:12,359 INFO: User 'charlie' performed 'login' action.
2025-08-01 21:05:14,362 INFO: User 'diana' performed 'click_button' action.
2025-08-01 21:05:19,368 INFO: User 'charlie' performed 'login' action.
2025-08-01 21:05:21,371 INFO: User 'alice' performed 'submit_form' action.
2025-08-01 21:05:23,375 INFO: User 'alice' performed 'submit_form' action.
2025-08-01 21:05:25,388 INFO: User 'diana' performed 'login' action.
2025-08-01 21:05:28,389 INFO: User 'diana' performed 'logout' action.
2025-08-01 21:05:32,395 INFO: User 'alice' performed 'login' action.
2025-08-01 21:05:36,401 INFO: User 'bob' performed 'submit_form' action.
2025-08-01 21:05:39,401 INFO: User 'charlie' performed 'submit_form' action.
2025-08-01 21:05:44,407 INFO: User 'charlie' performed 'login' action.
2025-08-01 21:05:48,441 INFO: User 'diana' performed 'submit_form' action.
2025-08-01 21:05:51,452 INFO: User 'charlie' performed 'login' action.
2025-08-01 21:05:53,455 INFO: User 'diana' performed 'logout' action.
